Using pre-set license
Built from '2023.2/staging' branch; Version is '2023.2.3f1 (21747dafc6ee) revision 2192509'; Using compiler version '193431935'; Build Type 'Release'
OS: 'Windows 10  (10.0.19044) 64bit Professional' Language: 'ru' Physical Memory: 8023 MB
BatchMode: 1, IsHumanControllingUs: 0, StartBugReporterOnCrash: 0, Is64bit: 1, IsPro: 1

COMMAND LINE ARGUMENTS:
A:\UnityEditorFolder\Editor\Unity.exe
-adb2
-batchMode
-noUpm
-name
AssetImportWorker1
-projectPath
A:/UnityProjects/MySlasher/MySlasherProject
-logFile
Logs/AssetImportWorker1.log
-srvPort
61557
-job-worker-count
3
-background-job-worker-count
8
-asset-garbage-collectors
1
Successfully changed project path to: A:/UnityProjects/MySlasher/MySlasherProject
A:/UnityProjects/MySlasher/MySlasherProject
[UnityMemory] Configuration Parameters - Can be set up in boot.config
    "memorysetup-bucket-allocator-granularity=16"
    "memorysetup-bucket-allocator-bucket-count=8"
    "memorysetup-bucket-allocator-block-size=33554432"
    "memorysetup-bucket-allocator-block-count=8"
    "memorysetup-main-allocator-block-size=16777216"
    "memorysetup-thread-allocator-block-size=16777216"
    "memorysetup-gfx-main-allocator-block-size=16777216"
    "memorysetup-gfx-thread-allocator-block-size=16777216"
    "memorysetup-cache-allocator-block-size=4194304"
    "memorysetup-typetree-allocator-block-size=2097152"
    "memorysetup-profiler-bucket-allocator-granularity=16"
    "memorysetup-profiler-bucket-allocator-bucket-count=8"
    "memorysetup-profiler-bucket-allocator-block-size=33554432"
    "memorysetup-profiler-bucket-allocator-block-count=8"
    "memorysetup-profiler-allocator-block-size=16777216"
    "memorysetup-profiler-editor-allocator-block-size=1048576"
    "memorysetup-temp-allocator-size-main=16777216"
    "memorysetup-job-temp-allocator-block-size=2097152"
    "memorysetup-job-temp-allocator-block-size-background=1048576"
    "memorysetup-job-temp-allocator-reduction-small-platforms=262144"
    "memorysetup-allocator-temp-initial-block-size-main=262144"
    "memorysetup-allocator-temp-initial-block-size-worker=262144"
    "memorysetup-temp-allocator-size-background-worker=32768"
    "memorysetup-temp-allocator-size-job-worker=262144"
    "memorysetup-temp-allocator-size-preload-manager=33554432"
    "memorysetup-temp-allocator-size-nav-mesh-worker=65536"
    "memorysetup-temp-allocator-size-audio-worker=65536"
    "memorysetup-temp-allocator-size-cloud-worker=32768"
    "memorysetup-temp-allocator-size-gi-baking-worker=262144"
    "memorysetup-temp-allocator-size-gi-baking-worker=262144"
    "memorysetup-temp-allocator-size-gi-baking-worker=262144"
    "memorysetup-temp-allocator-size-gi-baking-worker=262144"
    "memorysetup-temp-allocator-size-gfx=262144"
Player connection [6520] Host "[IP] 25.58.39.68 [Port] 0 [Flags] 2 [Guid] 3423927658 [EditorId] 3423927658 [Version] 1048832 [Id] WindowsEditor(7,User-PC) [Debug] 1 [PackageName] WindowsEditor [ProjectName] Editor" joined multi-casting on [225.0.0.222:54997]...
Player connection [6520] Host "[IP] 25.58.39.68 [Port] 0 [Flags] 2 [Guid] 3423927658 [EditorId] 3423927658 [Version] 1048832 [Id] WindowsEditor(7,User-PC) [Debug] 1 [PackageName] WindowsEditor [ProjectName] Editor" joined alternative multi-casting on [225.0.0.222:34997]...
JobSystem: Creating JobQueue using job-worker-count value 3
[Physics::Module] Initialized MultithreadedJobDispatcher with 3 workers.
Library Redirect Path: Library/
Refreshing native plugins compatible for Editor in 1.19 ms, found 3 plugins.
Preloading 0 native plugins for Editor in 0.00 ms.
Initialize engine version: 2023.2.3f1 (21747dafc6ee)
[Subsystems] Discovering subsystems at path A:/UnityEditorFolder/Editor/Data/Resources/UnitySubsystems
[Subsystems] Discovering subsystems at path A:/UnityProjects/MySlasher/MySlasherProject/Assets
GfxDevice: creating device client; kGfxThreadingModeNonThreaded
Direct3D:
    Version:  Direct3D 11.0 [level 11.1]
    Renderer: NVIDIA GeForce RTX 3050 Laptop GPU (ID=0x25a2)
    Vendor:   NVIDIA
    VRAM:     3977 MB
    Driver:   31.0.15.3742
Initialize mono
Mono path[0] = 'A:/UnityEditorFolder/Editor/Data/Managed'
Mono path[1] = 'A:/UnityEditorFolder/Editor/Data/MonoBleedingEdge/lib/mono/unityjit-win32'
Mono config path = 'A:/UnityEditorFolder/Editor/Data/MonoBleedingEdge/etc'
Using monoOptions --debugger-agent=transport=dt_socket,embedding=1,server=y,suspend=n,address=127.0.0.1:56596
Begin MonoManager ReloadAssembly
C:\build\output\Unity-Technologies\mono\mono\metadata\icall.c:1842:
C:\build\output\Unity-Technologies\mono\mono\metadata\icall.c:1842:
C:\build\output\Unity-Technologies\mono\mono\metadata\icall.c:1842:
C:\build\output\Unity-Technologies\mono\mono\metadata\icall.c:1842:
C:\build\output\Unity-Technologies\mono\mono\metadata\icall.c:1842:
C:\build\output\Unity-Technologies\mono\mono\metadata\icall.c:1842:
C:\build\output\Unity-Technologies\mono\mono\metadata\icall.c:1842:
C:\build\output\Unity-Technologies\mono\mono\metadata\icall.c:1842:
C:\build\output\Unity-Technologies\mono\mono\metadata\icall.c:1842:
C:\build\output\Unity-Technologies\mono\mono\metadata\icall.c:1842:
Registering precompiled unity dll's ...
Register platform support module: A:/UnityEditorFolder/Editor/Data/PlaybackEngines/WindowsStandaloneSupport/UnityEditor.WindowsStandalone.Extensions.dll
Register platform support module: A:/UnityEditorFolder/Editor/Data/PlaybackEngines/AndroidPlayer/UnityEditor.Android.Extensions.dll
Register platform support module: A:/UnityEditorFolder/Editor/Data/PlaybackEngines/iOSSupport/UnityEditor.iOS.Extensions.dll
Registered in 0.003567 seconds.
- Loaded All Assemblies, in  0.600 seconds
[usbmuxd] Start listen thread
[usbmuxd] Listen thread started
Native extension for iOS target not found
Native extension for Android target not found
Native extension for WindowsStandalone target not found
Mono: successfully reloaded assembly
C:\build\output\Unity-Technologies\mono\mono\metadata\icall.c:1842:
C:\build\output\Unity-Technologies\mono\mono\metadata\icall.c:1842:
- Finished resetting the current domain, in  0.588 seconds
Domain Reload Profiling: 1189ms
	BeginReloadAssembly (212ms)
		ExecutionOrderSort (0ms)
		DisableScriptedObjects (0ms)
		BackupInstance (0ms)
		ReleaseScriptingObjects (0ms)
		CreateAndSetChildDomain (1ms)
	RebuildCommonClasses (50ms)
	RebuildNativeTypeToScriptingClass (16ms)
	initialDomainReloadingComplete (63ms)
	LoadAllAssembliesAndSetupDomain (260ms)
		LoadAssemblies (212ms)
		RebuildTransferFunctionScriptingTraits (0ms)
		AnalyzeDomain (255ms)
			TypeCache.Refresh (252ms)
				TypeCache.ScanAssembly (228ms)
			BuildScriptInfoCaches (0ms)
			ResolveRequiredComponents (1ms)
	FinalizeReload (589ms)
		ReleaseScriptCaches (0ms)
		RebuildScriptCaches (0ms)
		SetupLoadedEditorAssemblies (494ms)
			LogAssemblyErrors (0ms)
			InitializePlatformSupportModulesInManaged (148ms)
			SetLoadedEditorAssemblies (6ms)
			BeforeProcessingInitializeOnLoad (10ms)
			ProcessInitializeOnLoadAttributes (253ms)
			ProcessInitializeOnLoadMethodAttributes (76ms)
			AfterProcessingInitializeOnLoad (0ms)
			EditorAssembliesLoaded (0ms)
		ExecutionOrderSort2 (0ms)
		AwakeInstancesAfterBackupRestoration (0ms)
========================================================================
Worker process is ready to serve import requests
Import Worker Mode flag is 0x00
Begin MonoManager ReloadAssembly
C:\build\output\Unity-Technologies\mono\mono\metadata\icall.c:1842:
C:\build\output\Unity-Technologies\mono\mono\metadata\icall.c:1842:
C:\build\output\Unity-Technologies\mono\mono\metadata\icall.c:1842:
C:\build\output\Unity-Technologies\mono\mono\metadata\icall.c:1842:
C:\build\output\Unity-Technologies\mono\mono\metadata\icall.c:1842:
C:\build\output\Unity-Technologies\mono\mono\metadata\icall.c:1842:
C:\build\output\Unity-Technologies\mono\mono\metadata\icall.c:1842:
C:\build\output\Unity-Technologies\mono\mono\metadata\icall.c:1842:
C:\build\output\Unity-Technologies\mono\mono\metadata\icall.c:1842:
C:\build\output\Unity-Technologies\mono\mono\metadata\icall.c:1842:
C:\build\output\Unity-Technologies\mono\mono\metadata\icall.c:1842:
C:\build\output\Unity-Technologies\mono\mono\metadata\icall.c:1842:
Symbol file LoadedFromMemory doesn't match image A:\UnityProjects\MySlasher\MySlasherProject\Library\PackageCache\com.unity.visualscripting@1.8.0\Editor\VisualScripting.Core\Dependencies\YamlDotNet\Unity.VisualScripting.YamlDotNet.dll
Symbol file LoadedFromMemory doesn't match image A:\UnityProjects\MySlasher\MySlasherProject\Library\PackageCache\com.unity.visualscripting@1.8.0\Editor\VisualScripting.Core\Dependencies\DotNetZip\Unity.VisualScripting.IonicZip.dll
- Loaded All Assemblies, in  1.294 seconds
Refreshing native plugins compatible for Editor in 11.46 ms, found 3 plugins.
Native extension for iOS target not found
Native extension for Android target not found
Native extension for WindowsStandalone target not found
Mono: successfully reloaded assembly
- Finished resetting the current domain, in  1.402 seconds
Domain Reload Profiling: 2696ms
	BeginReloadAssembly (494ms)
		ExecutionOrderSort (0ms)
		DisableScriptedObjects (8ms)
		BackupInstance (0ms)
		ReleaseScriptingObjects (0ms)
		CreateAndSetChildDomain (56ms)
	RebuildCommonClasses (44ms)
	RebuildNativeTypeToScriptingClass (17ms)
	initialDomainReloadingComplete (43ms)
	LoadAllAssembliesAndSetupDomain (695ms)
		LoadAssemblies (475ms)
		RebuildTransferFunctionScriptingTraits (0ms)
		AnalyzeDomain (379ms)
			TypeCache.Refresh (312ms)
				TypeCache.ScanAssembly (282ms)
			BuildScriptInfoCaches (47ms)
			ResolveRequiredComponents (15ms)
	FinalizeReload (1403ms)
		ReleaseScriptCaches (0ms)
		RebuildScriptCaches (0ms)
		SetupLoadedEditorAssemblies (989ms)
			LogAssemblyErrors (0ms)
			InitializePlatformSupportModulesInManaged (31ms)
			SetLoadedEditorAssemblies (5ms)
			BeforeProcessingInitializeOnLoad (85ms)
			ProcessInitializeOnLoadAttributes (817ms)
			ProcessInitializeOnLoadMethodAttributes (48ms)
			AfterProcessingInitializeOnLoad (2ms)
			EditorAssembliesLoaded (0ms)
		ExecutionOrderSort2 (0ms)
		AwakeInstancesAfterBackupRestoration (7ms)
Launched and connected shader compiler UnityShaderCompiler.exe after 0.02 seconds
Refreshing native plugins compatible for Editor in 1.33 ms, found 3 plugins.
Preloading 0 native plugins for Editor in 0.00 ms.
Unloading 191 Unused Serialized files (Serialized files now loaded: 0)
Unloading 5869 unused Assets / (7.5 MB). Loaded Objects now: 6522.
Memory consumption went from 209.2 MB to 201.7 MB.
Total: 18.702800 ms (FindLiveObjects: 1.548200 ms CreateObjectMapping: 1.663700 ms MarkObjects: 8.363000 ms  DeleteObjects: 7.126400 ms)

========================================================================
Received Import Request.
  Time since last request: 22865.650838 seconds.
  path: Assets/Sprites/Animations/Protector_Animset/Animation/Execution/Axe/Inplace/Protector_Axe_Executed1_Inplace.FBX
  artifactKey: Guid(9d0f638bac268e2439768462f5041913) Importer(815301076,1909f56bfc062723c751e8b465ee728b)
Start importing Assets/Sprites/Animations/Protector_Animset/Animation/Execution/Axe/Inplace/Protector_Axe_Executed1_Inplace.FBX using Guid(9d0f638bac268e2439768462f5041913) Importer(815301076,1909f56bfc062723c751e8b465ee728b) (PreviewImporter) -> (artifact id: '26ccb9eebc8c8a0e6ab26e1fac075c6f') in 0.0531169 seconds
Number of updated asset objects reloaded before import = 0Number of asset objects unloaded after import = 153

========================================================================
Received Import Request.
  Time since last request: 0.000036 seconds.
  path: Assets/Sprites/Animations/Protector_Animset/Animation/Execution/Axe/Inplace/Protector_Axe_Execution1_Inplace.FBX
  artifactKey: Guid(011794bf7f7121c45b388fdabf6f1664) Importer(815301076,1909f56bfc062723c751e8b465ee728b)
Start importing Assets/Sprites/Animations/Protector_Animset/Animation/Execution/Axe/Inplace/Protector_Axe_Execution1_Inplace.FBX using Guid(011794bf7f7121c45b388fdabf6f1664) Importer(815301076,1909f56bfc062723c751e8b465ee728b) (PreviewImporter) -> (artifact id: '3bb9fb2e4410303cea3dc9e406739dca') in 0.008243 seconds
Number of updated asset objects reloaded before import = 0Number of asset objects unloaded after import = 157

========================================================================
Received Import Request.
  Time since last request: 0.000019 seconds.
  path: Assets/Sprites/Animations/Protector_Animset/Animation/Execution/Axe/Inplace/Protector_Axe_Execution2_Inplace.FBX
  artifactKey: Guid(91944d7c876a1a44299d1b7688846c4b) Importer(815301076,1909f56bfc062723c751e8b465ee728b)
Start importing Assets/Sprites/Animations/Protector_Animset/Animation/Execution/Axe/Inplace/Protector_Axe_Execution2_Inplace.FBX using Guid(91944d7c876a1a44299d1b7688846c4b) Importer(815301076,1909f56bfc062723c751e8b465ee728b) (PreviewImporter) -> (artifact id: 'a1afea3bae2465dbb2a67595806d5cfc') in 0.0074714 seconds
Number of updated asset objects reloaded before import = 0Number of asset objects unloaded after import = 157

========================================================================
Received Import Request.
  Time since last request: 0.000017 seconds.
  path: Assets/Sprites/Animations/Protector_Animset/Animation/Execution
  artifactKey: Guid(09fa6a86eb8b3f04a85227280f8cc023) Importer(815301076,1909f56bfc062723c751e8b465ee728b)
Start importing Assets/Sprites/Animations/Protector_Animset/Animation/Execution using Guid(09fa6a86eb8b3f04a85227280f8cc023) Importer(815301076,1909f56bfc062723c751e8b465ee728b) (PreviewImporter) -> (artifact id: '873993b0d01329161a65d406c3074bd1') in 0.0005313 seconds
Number of updated asset objects reloaded before import = 0Number of asset objects unloaded after import = 0

========================================================================
Received Import Request.
  Time since last request: 0.000048 seconds.
  path: Assets/Sprites/Animations/Protector_Animset/Animation/Execution/Axe
  artifactKey: Guid(60a53dc11aa37254f99e6e7931c95241) Importer(815301076,1909f56bfc062723c751e8b465ee728b)
Start importing Assets/Sprites/Animations/Protector_Animset/Animation/Execution/Axe using Guid(60a53dc11aa37254f99e6e7931c95241) Importer(815301076,1909f56bfc062723c751e8b465ee728b) (PreviewImporter) -> (artifact id: '3f0e17a92476217a1269efe7d820a553') in 0.00077 seconds
Number of updated asset objects reloaded before import = 0Number of asset objects unloaded after import = 0

========================================================================
Received Import Request.
  Time since last request: 0.000064 seconds.
  path: Assets/Sprites/Animations/Protector_Animset/Animation/Execution/Axe/Inplace/Protector_Axe_Ambushed_Inplace.FBX
  artifactKey: Guid(762bac004f92e4e4cb7a34522791d276) Importer(815301076,1909f56bfc062723c751e8b465ee728b)
Start importing Assets/Sprites/Animations/Protector_Animset/Animation/Execution/Axe/Inplace/Protector_Axe_Ambushed_Inplace.FBX using Guid(762bac004f92e4e4cb7a34522791d276) Importer(815301076,1909f56bfc062723c751e8b465ee728b) (PreviewImporter) -> (artifact id: '3a8b34e7fa57e0fd69999b84747dbd7d') in 0.0100087 seconds
Number of updated asset objects reloaded before import = 0Number of asset objects unloaded after import = 153

========================================================================
Received Import Request.
  Time since last request: 9.644919 seconds.
  path: Assets/Sprites/Animations/Protector_Animset/Animation/Execution/Sword/Root/Protector_Sword_Ambushed_Root.FBX
  artifactKey: Guid(118d1964707189f43afad8cf21ee3700) Importer(815301076,1909f56bfc062723c751e8b465ee728b)
Start importing Assets/Sprites/Animations/Protector_Animset/Animation/Execution/Sword/Root/Protector_Sword_Ambushed_Root.FBX using Guid(118d1964707189f43afad8cf21ee3700) Importer(815301076,1909f56bfc062723c751e8b465ee728b) (PreviewImporter) -> (artifact id: '058af89bfd3be084d2c7f27c321375b0') in 0.0080532 seconds
Number of updated asset objects reloaded before import = 0Number of asset objects unloaded after import = 153

========================================================================
Received Import Request.
  Time since last request: 0.000020 seconds.
  path: Assets/Sprites/Animations/Protector_Animset/Animation/Execution/Sword/Root/Protector_Sword_Executed3_Root.FBX
  artifactKey: Guid(32a5ae0e584747949899e3a36ac4ac31) Importer(815301076,1909f56bfc062723c751e8b465ee728b)
Start importing Assets/Sprites/Animations/Protector_Animset/Animation/Execution/Sword/Root/Protector_Sword_Executed3_Root.FBX using Guid(32a5ae0e584747949899e3a36ac4ac31) Importer(815301076,1909f56bfc062723c751e8b465ee728b) (PreviewImporter) -> (artifact id: '7fed8e3fab1f228665137b0deaf97f6b') in 0.009262 seconds
Number of updated asset objects reloaded before import = 0Number of asset objects unloaded after import = 155

========================================================================
Received Import Request.
  Time since last request: 0.000029 seconds.
  path: Assets/Sprites/Animations/Protector_Animset/Animation/Execution/Sword/Root/Protector_Sword_Executed1_Root.FBX
  artifactKey: Guid(093f93feafd35ad4c9c8ccd626d63696) Importer(815301076,1909f56bfc062723c751e8b465ee728b)
Start importing Assets/Sprites/Animations/Protector_Animset/Animation/Execution/Sword/Root/Protector_Sword_Executed1_Root.FBX using Guid(093f93feafd35ad4c9c8ccd626d63696) Importer(815301076,1909f56bfc062723c751e8b465ee728b) (PreviewImporter) -> (artifact id: '4ca811420ce70dd956e3c2cb2d73db25') in 0.0077114 seconds
Number of updated asset objects reloaded before import = 0Number of asset objects unloaded after import = 155

========================================================================
Received Import Request.
  Time since last request: 0.000031 seconds.
  path: Assets/Sprites/Animations/Protector_Animset/Animation/Execution/Sword/Root/Protector_Sword_Execution2_Root.FBX
  artifactKey: Guid(8faffa3901f29b1458ddbd8f58a4949d) Importer(815301076,1909f56bfc062723c751e8b465ee728b)
Start importing Assets/Sprites/Animations/Protector_Animset/Animation/Execution/Sword/Root/Protector_Sword_Execution2_Root.FBX using Guid(8faffa3901f29b1458ddbd8f58a4949d) Importer(815301076,1909f56bfc062723c751e8b465ee728b) (PreviewImporter) -> (artifact id: 'f4216d48560b4dabf5cc2c7a8d879b50') in 0.0090963 seconds
Number of updated asset objects reloaded before import = 0Number of asset objects unloaded after import = 159

========================================================================
Received Import Request.
  Time since last request: 1.791376 seconds.
  path: Assets/Sprites/Animations/Protector_Animset/Animation/Execution/Sword/Inplace/Protector_Sword_Ambushed_Inplace.FBX
  artifactKey: Guid(f94461a5f10673049837cc17cd1a7aa8) Importer(815301076,1909f56bfc062723c751e8b465ee728b)
Start importing Assets/Sprites/Animations/Protector_Animset/Animation/Execution/Sword/Inplace/Protector_Sword_Ambushed_Inplace.FBX using Guid(f94461a5f10673049837cc17cd1a7aa8) Importer(815301076,1909f56bfc062723c751e8b465ee728b) (PreviewImporter) -> (artifact id: '4094fa010ac136978a082e8949397a9b') in 0.0076929 seconds
Number of updated asset objects reloaded before import = 0Number of asset objects unloaded after import = 153

========================================================================
Received Import Request.
  Time since last request: 0.000027 seconds.
  path: Assets/Sprites/Animations/Protector_Animset/Animation/Execution/Sword/Inplace/Protector_Sword_Executed2_Inplace.FBX
  artifactKey: Guid(a66174f9c49dab247bdf3ead101f9893) Importer(815301076,1909f56bfc062723c751e8b465ee728b)
Start importing Assets/Sprites/Animations/Protector_Animset/Animation/Execution/Sword/Inplace/Protector_Sword_Executed2_Inplace.FBX using Guid(a66174f9c49dab247bdf3ead101f9893) Importer(815301076,1909f56bfc062723c751e8b465ee728b) (PreviewImporter) -> (artifact id: '0c7e7a7feb9be3d6eb8260cfc618b8d6') in 0.0070974 seconds
Number of updated asset objects reloaded before import = 0Number of asset objects unloaded after import = 153

========================================================================
Received Import Request.
  Time since last request: 0.000021 seconds.
  path: Assets/Sprites/Animations/Protector_Animset/Animation/Execution/Sword/Inplace/Protector_Sword_Executed3_Inplace.FBX
  artifactKey: Guid(726dec45d5303fa4fb13e5379714a7c4) Importer(815301076,1909f56bfc062723c751e8b465ee728b)
Start importing Assets/Sprites/Animations/Protector_Animset/Animation/Execution/Sword/Inplace/Protector_Sword_Executed3_Inplace.FBX using Guid(726dec45d5303fa4fb13e5379714a7c4) Importer(815301076,1909f56bfc062723c751e8b465ee728b) (PreviewImporter) -> (artifact id: 'ad0ffbcbd29b4de8a28ad8f6ef60c114') in 0.0059622 seconds
Number of updated asset objects reloaded before import = 0Number of asset objects unloaded after import = 153

========================================================================
Received Import Request.
  Time since last request: 0.000023 seconds.
  path: Assets/Sprites/Animations/Protector_Animset/Animation/Execution/Sword/Inplace/Protector_Sword_Execution1_Inplace.FBX
  artifactKey: Guid(7cb64ddd7c9d16c45b1aad1abcb14e82) Importer(815301076,1909f56bfc062723c751e8b465ee728b)
Start importing Assets/Sprites/Animations/Protector_Animset/Animation/Execution/Sword/Inplace/Protector_Sword_Execution1_Inplace.FBX using Guid(7cb64ddd7c9d16c45b1aad1abcb14e82) Importer(815301076,1909f56bfc062723c751e8b465ee728b) (PreviewImporter) -> (artifact id: 'b53c6b2fba285650c56fb2fd6a6794e7') in 0.007164 seconds
Number of updated asset objects reloaded before import = 0Number of asset objects unloaded after import = 157

========================================================================
Received Import Request.
  Time since last request: 13.029483 seconds.
  path: Assets/Sprites/Animations/Protector_Animset/Animation/Execution/Mace/Inplace/Protector_Mace_Ambushed_Inplace.FBX
  artifactKey: Guid(89b9276fc4063db4d92f50da9ded3988) Importer(815301076,1909f56bfc062723c751e8b465ee728b)
Start importing Assets/Sprites/Animations/Protector_Animset/Animation/Execution/Mace/Inplace/Protector_Mace_Ambushed_Inplace.FBX using Guid(89b9276fc4063db4d92f50da9ded3988) Importer(815301076,1909f56bfc062723c751e8b465ee728b) (PreviewImporter) -> (artifact id: '26de5713cd29770094ef235f6bc46ada') in 0.0072649 seconds
Number of updated asset objects reloaded before import = 0Number of asset objects unloaded after import = 153

========================================================================
Received Import Request.
  Time since last request: 0.000018 seconds.
  path: Assets/Sprites/Animations/Protector_Animset/Animation/Execution/Mace/Inplace/Protector_Mace_Execution1_Inplace.FBX
  artifactKey: Guid(2bc0a70622ee8b54586d2bc0a0344529) Importer(815301076,1909f56bfc062723c751e8b465ee728b)
Start importing Assets/Sprites/Animations/Protector_Animset/Animation/Execution/Mace/Inplace/Protector_Mace_Execution1_Inplace.FBX using Guid(2bc0a70622ee8b54586d2bc0a0344529) Importer(815301076,1909f56bfc062723c751e8b465ee728b) (PreviewImporter) -> (artifact id: '4368f0e7640927f9d03b2f81030cf771') in 0.0066084 seconds
Number of updated asset objects reloaded before import = 0Number of asset objects unloaded after import = 157

========================================================================
Received Import Request.
  Time since last request: 0.000039 seconds.
  path: Assets/Sprites/Animations/Protector_Animset/Animation/Execution/Mace/Inplace/Protector_Mace_Execution2_Inplace.FBX
  artifactKey: Guid(3f71c1fa6473af24e8ce8bc15aa1c5b7) Importer(815301076,1909f56bfc062723c751e8b465ee728b)
Start importing Assets/Sprites/Animations/Protector_Animset/Animation/Execution/Mace/Inplace/Protector_Mace_Execution2_Inplace.FBX using Guid(3f71c1fa6473af24e8ce8bc15aa1c5b7) Importer(815301076,1909f56bfc062723c751e8b465ee728b) (PreviewImporter) -> (artifact id: '924cbe86163a90d3f451eaec2089bcec') in 0.0058445 seconds
Number of updated asset objects reloaded before import = 0Number of asset objects unloaded after import = 157

========================================================================
Received Import Request.
  Time since last request: 0.000018 seconds.
  path: Assets/Sprites/Animations/Protector_Animset/Animation/Execution/Mace/Inplace/Protector_Mace_Executed3_Inplace.FBX
  artifactKey: Guid(cddf4452836457c49932251f0dd14516) Importer(815301076,1909f56bfc062723c751e8b465ee728b)
Start importing Assets/Sprites/Animations/Protector_Animset/Animation/Execution/Mace/Inplace/Protector_Mace_Executed3_Inplace.FBX using Guid(cddf4452836457c49932251f0dd14516) Importer(815301076,1909f56bfc062723c751e8b465ee728b) (PreviewImporter) -> (artifact id: 'c7b7e40cbed0aa6626dcc7830877eccd') in 0.0054575 seconds
Number of updated asset objects reloaded before import = 0Number of asset objects unloaded after import = 153

========================================================================
Received Import Request.
  Time since last request: 0.350961 seconds.
  path: Assets/Sprites/Animations/Protector_Animset/Animation/Execution/Mace/Sample/Protector_Mace_Ambushed_Sample.FBX
  artifactKey: Guid(ced8c9642845aef44844561f80e0663c) Importer(815301076,1909f56bfc062723c751e8b465ee728b)
Start importing Assets/Sprites/Animations/Protector_Animset/Animation/Execution/Mace/Sample/Protector_Mace_Ambushed_Sample.FBX using Guid(ced8c9642845aef44844561f80e0663c) Importer(815301076,1909f56bfc062723c751e8b465ee728b) (PreviewImporter) -> (artifact id: '5cd7cd52ea94123a04e050b1a814d613') in 0.0072109 seconds
Number of updated asset objects reloaded before import = 0Number of asset objects unloaded after import = 153

========================================================================
Received Import Request.
  Time since last request: 0.000025 seconds.
  path: Assets/Sprites/Animations/Protector_Animset/Animation/Execution/Mace/Sample/Protector_Mace_Execution3_Sample.FBX
  artifactKey: Guid(ef11b682d8d10af4281c6ed4b2600033) Importer(815301076,1909f56bfc062723c751e8b465ee728b)
Start importing Assets/Sprites/Animations/Protector_Animset/Animation/Execution/Mace/Sample/Protector_Mace_Execution3_Sample.FBX using Guid(ef11b682d8d10af4281c6ed4b2600033) Importer(815301076,1909f56bfc062723c751e8b465ee728b) (PreviewImporter) -> (artifact id: '367a28eff50d7718c7ac1a977b153495') in 0.0069398 seconds
Number of updated asset objects reloaded before import = 0Number of asset objects unloaded after import = 157

========================================================================
Received Import Request.
  Time since last request: 0.000014 seconds.
  path: Assets/Sprites/Animations/Protector_Animset/Animation/Execution/Mace/Sample/Protector_Mace_Execution2_Sample.FBX
  artifactKey: Guid(c3feba1498440bb4eb628285c40ead38) Importer(815301076,1909f56bfc062723c751e8b465ee728b)
Start importing Assets/Sprites/Animations/Protector_Animset/Animation/Execution/Mace/Sample/Protector_Mace_Execution2_Sample.FBX using Guid(c3feba1498440bb4eb628285c40ead38) Importer(815301076,1909f56bfc062723c751e8b465ee728b) (PreviewImporter) -> (artifact id: '99afcd757c8e0a86850a74e854c668f0') in 0.0086552 seconds
Number of updated asset objects reloaded before import = 0Number of asset objects unloaded after import = 157

========================================================================
Received Import Request.
  Time since last request: 0.000016 seconds.
  path: Assets/Sprites/Animations/Protector_Animset/Animation/Execution/Mace/Sample/Protector_Mace_Executed2_Sample.FBX
  artifactKey: Guid(f03dca00a2edd874ab869112b10f1449) Importer(815301076,1909f56bfc062723c751e8b465ee728b)
Start importing Assets/Sprites/Animations/Protector_Animset/Animation/Execution/Mace/Sample/Protector_Mace_Executed2_Sample.FBX using Guid(f03dca00a2edd874ab869112b10f1449) Importer(815301076,1909f56bfc062723c751e8b465ee728b) (PreviewImporter) -> (artifact id: '437c8aeb42af862a3d25cfd0cdaebf6f') in 0.0066841 seconds
Number of updated asset objects reloaded before import = 0Number of asset objects unloaded after import = 153

========================================================================
Received Import Request.
  Time since last request: 25.530607 seconds.
  path: Assets/Sprites/Animations/Protector_Animset/Animation/Inplace/Common/Protector_Common_Jump_ALL_Inplace.FBX
  artifactKey: Guid(02a390304c0ee024fb809f3d9dae8575) Importer(815301076,1909f56bfc062723c751e8b465ee728b)
Start importing Assets/Sprites/Animations/Protector_Animset/Animation/Inplace/Common/Protector_Common_Jump_ALL_Inplace.FBX using Guid(02a390304c0ee024fb809f3d9dae8575) Importer(815301076,1909f56bfc062723c751e8b465ee728b) (PreviewImporter) -> (artifact id: 'e10f4a2d841228fb6df7f3871574d10b') in 0.4478324 seconds
Number of updated asset objects reloaded before import = 0Number of asset objects unloaded after import = 180

========================================================================
Received Import Request.
  Time since last request: 0.000052 seconds.
  path: Assets/Sprites/Animations/Protector_Animset/Animation/Inplace/Common/Protector_Common_Run_End_Inplace.FBX
  artifactKey: Guid(c27caaf526ba7d349b52d5e16b483e8c) Importer(815301076,1909f56bfc062723c751e8b465ee728b)
Start importing Assets/Sprites/Animations/Protector_Animset/Animation/Inplace/Common/Protector_Common_Run_End_Inplace.FBX using Guid(c27caaf526ba7d349b52d5e16b483e8c) Importer(815301076,1909f56bfc062723c751e8b465ee728b) (PreviewImporter) -> (artifact id: '01b047f8b315d0d1a8aeda1d9d854028') in 0.0424416 seconds
Number of updated asset objects reloaded before import = 0Number of asset objects unloaded after import = 167

========================================================================
Received Import Request.
  Time since last request: 0.000188 seconds.
  path: Assets/Sprites/Animations/Protector_Animset/Animation/Inplace/Common/Protector_Common_Jump_Start_Inplace.FBX
  artifactKey: Guid(d0aee93baae48474097f94f36e981dc3) Importer(815301076,1909f56bfc062723c751e8b465ee728b)
Start importing Assets/Sprites/Animations/Protector_Animset/Animation/Inplace/Common/Protector_Common_Jump_Start_Inplace.FBX using Guid(d0aee93baae48474097f94f36e981dc3) Importer(815301076,1909f56bfc062723c751e8b465ee728b) (PreviewImporter) -> (artifact id: '70df38e7d99ef47c0db334fb611765ad') in 0.0291715 seconds
Number of updated asset objects reloaded before import = 0Number of asset objects unloaded after import = 167

========================================================================
Received Import Request.
  Time since last request: 0.000044 seconds.
  path: Assets/Sprites/Animations/Protector_Animset/Animation/Inplace/Common/Protector_Common_Run_Start_Inplace.FBX
  artifactKey: Guid(c24f4a5057defd542af4cc09af1afe57) Importer(815301076,1909f56bfc062723c751e8b465ee728b)
Start importing Assets/Sprites/Animations/Protector_Animset/Animation/Inplace/Common/Protector_Common_Run_Start_Inplace.FBX using Guid(c24f4a5057defd542af4cc09af1afe57) Importer(815301076,1909f56bfc062723c751e8b465ee728b) (PreviewImporter) -> (artifact id: 'e63ae8d67bdc0579afb03c7ce0e0b432') in 0.0297024 seconds
Number of updated asset objects reloaded before import = 0Number of asset objects unloaded after import = 167

========================================================================
Received Import Request.
  Time since last request: 0.000170 seconds.
  path: Assets/Sprites/Animations/Protector_Animset/Animation/Inplace/Common/Protector_Common_Jump_End_Inplace.FBX
  artifactKey: Guid(574821c683fa7ef41a1add6e2d638844) Importer(815301076,1909f56bfc062723c751e8b465ee728b)
Start importing Assets/Sprites/Animations/Protector_Animset/Animation/Inplace/Common/Protector_Common_Jump_End_Inplace.FBX using Guid(574821c683fa7ef41a1add6e2d638844) Importer(815301076,1909f56bfc062723c751e8b465ee728b) (PreviewImporter) -> (artifact id: 'ab3016f3fe7d59cda916a61f640663b1') in 0.0319509 seconds
Number of updated asset objects reloaded before import = 0Number of asset objects unloaded after import = 167

========================================================================
Received Import Request.
  Time since last request: 8.255862 seconds.
  path: Assets/Sprites/Animations/Protector_Animset/Animation/Inplace/Common/Protector_Common_Walk_Start_Inplace.FBX
  artifactKey: Guid(3b9f42b223a052542882998413e9f615) Importer(815301076,1909f56bfc062723c751e8b465ee728b)
Start importing Assets/Sprites/Animations/Protector_Animset/Animation/Inplace/Common/Protector_Common_Walk_Start_Inplace.FBX using Guid(3b9f42b223a052542882998413e9f615) Importer(815301076,1909f56bfc062723c751e8b465ee728b) (PreviewImporter) -> (artifact id: '1529a16e8ca00858a5745a0fb44b2af1') in 0.0451067 seconds
Number of updated asset objects reloaded before import = 0Number of asset objects unloaded after import = 167

========================================================================
Received Import Request.
  Time since last request: 0.177229 seconds.
  path: Assets/Sprites/Animations/Protector_Animset/Animation/Inplace/Common/Protector_Unarm_Inplace.FBX
  artifactKey: Guid(f478b4cae3275024baba4d5f2c2fe75d) Importer(815301076,1909f56bfc062723c751e8b465ee728b)
Start importing Assets/Sprites/Animations/Protector_Animset/Animation/Inplace/Common/Protector_Unarm_Inplace.FBX using Guid(f478b4cae3275024baba4d5f2c2fe75d) Importer(815301076,1909f56bfc062723c751e8b465ee728b) (PreviewImporter) -> (artifact id: '2ad8900d8fbacf85c4d886b2da4435ad') in 0.0102211 seconds
Number of updated asset objects reloaded before import = 0Number of asset objects unloaded after import = 161

========================================================================
Received Import Request.
  Time since last request: 1.767050 seconds.
  path: Assets/Sprites/Animations/Protector_Animset/Animation/Inplace/Battle/Protector_Air_Attack_4_Loop_Inplace.FBX
  artifactKey: Guid(fddeb1b32b248424a950c27de548bfbd) Importer(815301076,1909f56bfc062723c751e8b465ee728b)
Start importing Assets/Sprites/Animations/Protector_Animset/Animation/Inplace/Battle/Protector_Air_Attack_4_Loop_Inplace.FBX using Guid(fddeb1b32b248424a950c27de548bfbd) Importer(815301076,1909f56bfc062723c751e8b465ee728b) (PreviewImporter) -> (artifact id: '105d265a8e7358364a07d5bb69868964') in 0.0092916 seconds
Number of updated asset objects reloaded before import = 0Number of asset objects unloaded after import = 153

========================================================================
Received Import Request.
  Time since last request: 0.000080 seconds.
  path: Assets/Sprites/Animations/Protector_Animset/Animation/Inplace/Battle/Protector_Attack02_Inplace.FBX
  artifactKey: Guid(a681c28ebc6b1424ea06cc5fa914e986) Importer(815301076,1909f56bfc062723c751e8b465ee728b)
Start importing Assets/Sprites/Animations/Protector_Animset/Animation/Inplace/Battle/Protector_Attack02_Inplace.FBX using Guid(a681c28ebc6b1424ea06cc5fa914e986) Importer(815301076,1909f56bfc062723c751e8b465ee728b) (PreviewImporter) -> (artifact id: 'c913165b51ec8f215eb9a29169f63b47') in 0.0134319 seconds
Number of updated asset objects reloaded before import = 0Number of asset objects unloaded after import = 153

========================================================================
Received Import Request.
  Time since last request: 0.000025 seconds.
  path: Assets/Sprites/Animations/Protector_Animset/Animation/Inplace/Battle/Protector_Attack05_Inplace.FBX
  artifactKey: Guid(d05e433b04b069045b16cca2e7afa5d8) Importer(815301076,1909f56bfc062723c751e8b465ee728b)
Start importing Assets/Sprites/Animations/Protector_Animset/Animation/Inplace/Battle/Protector_Attack05_Inplace.FBX using Guid(d05e433b04b069045b16cca2e7afa5d8) Importer(815301076,1909f56bfc062723c751e8b465ee728b) (PreviewImporter) -> (artifact id: '2678e5883c1098948f1721a0e1f70a8d') in 0.0104578 seconds
Number of updated asset objects reloaded before import = 0Number of asset objects unloaded after import = 153

========================================================================
Received Import Request.
  Time since last request: 0.000030 seconds.
  path: Assets/Sprites/Animations/Protector_Animset/Animation/Inplace/Battle/Protector_Attack09_Inplace.FBX
  artifactKey: Guid(9e5d2f06a766a364d992cf8dcc27db48) Importer(815301076,1909f56bfc062723c751e8b465ee728b)
Start importing Assets/Sprites/Animations/Protector_Animset/Animation/Inplace/Battle/Protector_Attack09_Inplace.FBX using Guid(9e5d2f06a766a364d992cf8dcc27db48) Importer(815301076,1909f56bfc062723c751e8b465ee728b) (PreviewImporter) -> (artifact id: 'b7960659b71057d49d612a570364fb8b') in 0.0127343 seconds
Number of updated asset objects reloaded before import = 0Number of asset objects unloaded after import = 153

========================================================================
Received Import Request.
  Time since last request: 0.000035 seconds.
  path: Assets/Sprites/Animations/Protector_Animset/Animation/Inplace/Battle/Protector_Attack01_Inplace.FBX
  artifactKey: Guid(691efa0e16cd5494e8860f91fbcbac9c) Importer(815301076,1909f56bfc062723c751e8b465ee728b)
Start importing Assets/Sprites/Animations/Protector_Animset/Animation/Inplace/Battle/Protector_Attack01_Inplace.FBX using Guid(691efa0e16cd5494e8860f91fbcbac9c) Importer(815301076,1909f56bfc062723c751e8b465ee728b) (PreviewImporter) -> (artifact id: 'dca33d5fdccb167d683c1367819d4abb') in 0.0129016 seconds
Number of updated asset objects reloaded before import = 0Number of asset objects unloaded after import = 153

========================================================================
Received Import Request.
  Time since last request: 0.000031 seconds.
  path: Assets/Sprites/Animations/Protector_Animset/Animation/Inplace/Battle/Protector_Attack08_Inplace.FBX
  artifactKey: Guid(e2e6deb6b88ea954d8c0694693615cb3) Importer(815301076,1909f56bfc062723c751e8b465ee728b)
Start importing Assets/Sprites/Animations/Protector_Animset/Animation/Inplace/Battle/Protector_Attack08_Inplace.FBX using Guid(e2e6deb6b88ea954d8c0694693615cb3) Importer(815301076,1909f56bfc062723c751e8b465ee728b) (PreviewImporter) -> (artifact id: '20a3b565f6c448eb8d4148e156f0d275') in 0.0109689 seconds
Number of updated asset objects reloaded before import = 0Number of asset objects unloaded after import = 153

========================================================================
Received Import Request.
  Time since last request: 12.869065 seconds.
  path: Assets/Sprites/Animations/Protector_Animset/Animation/Inplace/Battle/Protector_Air_Attack_4_End_Inplace.FBX
  artifactKey: Guid(8b72f5c6bde26874292321774683d068) Importer(815301076,1909f56bfc062723c751e8b465ee728b)
Start importing Assets/Sprites/Animations/Protector_Animset/Animation/Inplace/Battle/Protector_Air_Attack_4_End_Inplace.FBX using Guid(8b72f5c6bde26874292321774683d068) Importer(815301076,1909f56bfc062723c751e8b465ee728b) (PreviewImporter) -> (artifact id: '1b60751f27e68561674359b0fda9dc66') in 0.0171047 seconds
Number of updated asset objects reloaded before import = 0Number of asset objects unloaded after import = 153

========================================================================
Received Import Request.
  Time since last request: 1.999802 seconds.
  path: Assets/Sprites/Animations/Protector_Animset/Animation/Inplace/Battle/Protector_Air_Attack_3_Loop_Inplace.FBX
  artifactKey: Guid(ffc51ed0ca92fa9429ab4b982c259b6b) Importer(815301076,1909f56bfc062723c751e8b465ee728b)
Start importing Assets/Sprites/Animations/Protector_Animset/Animation/Inplace/Battle/Protector_Air_Attack_3_Loop_Inplace.FBX using Guid(ffc51ed0ca92fa9429ab4b982c259b6b) Importer(815301076,1909f56bfc062723c751e8b465ee728b) (PreviewImporter) -> (artifact id: 'fc7fca357404d7065dca98fefa7e5b6d') in 0.0091019 seconds
Number of updated asset objects reloaded before import = 0Number of asset objects unloaded after import = 153

========================================================================
Received Import Request.
  Time since last request: 1.408230 seconds.
  path: Assets/Sprites/Animations/Protector_Animset/Animation/Inplace/Battle/Protector_Air_Attack_3_End_Inplace.FBX
  artifactKey: Guid(7ed715bffc8d7d44197b7682cbe8a4c5) Importer(815301076,1909f56bfc062723c751e8b465ee728b)
Start importing Assets/Sprites/Animations/Protector_Animset/Animation/Inplace/Battle/Protector_Air_Attack_3_End_Inplace.FBX using Guid(7ed715bffc8d7d44197b7682cbe8a4c5) Importer(815301076,1909f56bfc062723c751e8b465ee728b) (PreviewImporter) -> (artifact id: '079a96c7da0e0ec19b9ec7d0a887ff71') in 0.0140818 seconds
Number of updated asset objects reloaded before import = 0Number of asset objects unloaded after import = 153

========================================================================
Received Import Request.
  Time since last request: 0.154936 seconds.
  path: Assets/Sprites/Animations/Protector_Animset/Animation/Inplace/Battle/Protector_Air_Attack_2_Inplace.FBX
  artifactKey: Guid(9ee4444cf354fab4eba949df5d0b0767) Importer(815301076,1909f56bfc062723c751e8b465ee728b)
Start importing Assets/Sprites/Animations/Protector_Animset/Animation/Inplace/Battle/Protector_Air_Attack_2_Inplace.FBX using Guid(9ee4444cf354fab4eba949df5d0b0767) Importer(815301076,1909f56bfc062723c751e8b465ee728b) (PreviewImporter) -> (artifact id: 'bbe18845b36350f689baec382db16d3a') in 0.0138745 seconds
Number of updated asset objects reloaded before import = 0Number of asset objects unloaded after import = 153

========================================================================
Received Import Request.
  Time since last request: 4.595549 seconds.
  path: Assets/Sprites/Animations/Protector_Animset/Animation/Inplace/Battle/Protector_Attack10_End_Inplace.FBX
  artifactKey: Guid(56371d4ce3b8cc847babe7fc1199cf20) Importer(815301076,1909f56bfc062723c751e8b465ee728b)
Start importing Assets/Sprites/Animations/Protector_Animset/Animation/Inplace/Battle/Protector_Attack10_End_Inplace.FBX using Guid(56371d4ce3b8cc847babe7fc1199cf20) Importer(815301076,1909f56bfc062723c751e8b465ee728b) (PreviewImporter) -> (artifact id: '014787adce3d83733dba0b3dd70ce3a4') in 0.0202056 seconds
Number of updated asset objects reloaded before import = 0Number of asset objects unloaded after import = 153

========================================================================
Received Import Request.
  Time since last request: 30.100564 seconds.
  path: Assets/Sprites/Animations/Protector_Animset/Animation/Inplace/Battle/Protector_Attack10_Start_Inplace.FBX
  artifactKey: Guid(815f908ad4fc76b4ab2d90ff5b9dcc2d) Importer(815301076,1909f56bfc062723c751e8b465ee728b)
Start importing Assets/Sprites/Animations/Protector_Animset/Animation/Inplace/Battle/Protector_Attack10_Start_Inplace.FBX using Guid(815f908ad4fc76b4ab2d90ff5b9dcc2d) Importer(815301076,1909f56bfc062723c751e8b465ee728b) (PreviewImporter) -> (artifact id: 'c2938a41fdcf633e618c59232cd3a714') in 0.008571 seconds
Number of updated asset objects reloaded before import = 0Number of asset objects unloaded after import = 153

========================================================================
Received Import Request.
  Time since last request: 8.484096 seconds.
  path: Assets/Sprites/Animations/Protector_Animset/Animation/Inplace/Battle/Protector_Attack12_Inplace.FBX
  artifactKey: Guid(9ae9f7041cfa45d47b5d2a9460c48dcb) Importer(815301076,1909f56bfc062723c751e8b465ee728b)
Start importing Assets/Sprites/Animations/Protector_Animset/Animation/Inplace/Battle/Protector_Attack12_Inplace.FBX using Guid(9ae9f7041cfa45d47b5d2a9460c48dcb) Importer(815301076,1909f56bfc062723c751e8b465ee728b) (PreviewImporter) -> (artifact id: 'cb14b2fbe1588a119f16ed39e1401a52') in 0.0152191 seconds
Number of updated asset objects reloaded before import = 0Number of asset objects unloaded after import = 153

========================================================================
Received Import Request.
  Time since last request: 3.358445 seconds.
  path: Assets/Sprites/Animations/Protector_Animset/Animation/Inplace/Battle/Protector_Attack14_Buff_Inplace.FBX
  artifactKey: Guid(f27a07ae57463ad4d96174c10070b5ae) Importer(815301076,1909f56bfc062723c751e8b465ee728b)
Start importing Assets/Sprites/Animations/Protector_Animset/Animation/Inplace/Battle/Protector_Attack14_Buff_Inplace.FBX using Guid(f27a07ae57463ad4d96174c10070b5ae) Importer(815301076,1909f56bfc062723c751e8b465ee728b) (PreviewImporter) -> (artifact id: 'd9aa8d855341cc331c8ac392286dbab3') in 0.0128518 seconds
Number of updated asset objects reloaded before import = 0Number of asset objects unloaded after import = 153

========================================================================
Received Import Request.
  Time since last request: 1.520929 seconds.
  path: Assets/Sprites/Animations/Protector_Animset/Animation/Inplace/Battle/Protector_Attack16_Inplace.FBX
  artifactKey: Guid(9d541af6124c79f4ab99ff532d0ce503) Importer(815301076,1909f56bfc062723c751e8b465ee728b)
Start importing Assets/Sprites/Animations/Protector_Animset/Animation/Inplace/Battle/Protector_Attack16_Inplace.FBX using Guid(9d541af6124c79f4ab99ff532d0ce503) Importer(815301076,1909f56bfc062723c751e8b465ee728b) (PreviewImporter) -> (artifact id: '0ba9a44e9a665cae04c6494cee679b71') in 0.0183673 seconds
Number of updated asset objects reloaded before import = 0Number of asset objects unloaded after import = 153

========================================================================
Received Import Request.
  Time since last request: 11.022224 seconds.
  path: Assets/Sprites/Animations/Protector_Animset/Animation/Inplace/Battle/Protector_Attack_Combo01_1_Inplace.FBX
  artifactKey: Guid(dc59d1ab96b4d9545a9b73f5f412e5bc) Importer(815301076,1909f56bfc062723c751e8b465ee728b)
Start importing Assets/Sprites/Animations/Protector_Animset/Animation/Inplace/Battle/Protector_Attack_Combo01_1_Inplace.FBX using Guid(dc59d1ab96b4d9545a9b73f5f412e5bc) Importer(815301076,1909f56bfc062723c751e8b465ee728b) (PreviewImporter) -> (artifact id: '827ba06bcee099aaf4b9914e2ba7351d') in 0.0209522 seconds
Number of updated asset objects reloaded before import = 0Number of asset objects unloaded after import = 153

========================================================================
Received Import Request.
  Time since last request: 0.047395 seconds.
  path: Assets/Sprites/Animations/Protector_Animset/Animation/Inplace/Battle/Protector_Attack_Combo01_2_Inplace.FBX
  artifactKey: Guid(58bc93fd09956cf49835ef86837159a5) Importer(815301076,1909f56bfc062723c751e8b465ee728b)
Start importing Assets/Sprites/Animations/Protector_Animset/Animation/Inplace/Battle/Protector_Attack_Combo01_2_Inplace.FBX using Guid(58bc93fd09956cf49835ef86837159a5) Importer(815301076,1909f56bfc062723c751e8b465ee728b) (PreviewImporter) -> (artifact id: '758926b98af971c1f56717dc701c6303') in 0.0187933 seconds
Number of updated asset objects reloaded before import = 0Number of asset objects unloaded after import = 153

========================================================================
Received Import Request.
  Time since last request: 4.465606 seconds.
  path: Assets/Sprites/Animations/Protector_Animset/Animation/Inplace/Battle/Protector_Attack_Combo01_3_Inplace.FBX
  artifactKey: Guid(c3a1a536afc2bdf4394037092ae00126) Importer(815301076,1909f56bfc062723c751e8b465ee728b)
Start importing Assets/Sprites/Animations/Protector_Animset/Animation/Inplace/Battle/Protector_Attack_Combo01_3_Inplace.FBX using Guid(c3a1a536afc2bdf4394037092ae00126) Importer(815301076,1909f56bfc062723c751e8b465ee728b) (PreviewImporter) -> (artifact id: '65e5a2dbf61003e16932ee2b8c4dc608') in 0.0091675 seconds
Number of updated asset objects reloaded before import = 0Number of asset objects unloaded after import = 153

========================================================================
Received Import Request.
  Time since last request: 0.051658 seconds.
  path: Assets/Sprites/Animations/Protector_Animset/Animation/Inplace/Battle/Protector_Attack_Combo01_4_Inplace.FBX
  artifactKey: Guid(5d9861b6a7ca9e746bc222c988fcd41a) Importer(815301076,1909f56bfc062723c751e8b465ee728b)
Start importing Assets/Sprites/Animations/Protector_Animset/Animation/Inplace/Battle/Protector_Attack_Combo01_4_Inplace.FBX using Guid(5d9861b6a7ca9e746bc222c988fcd41a) Importer(815301076,1909f56bfc062723c751e8b465ee728b) (PreviewImporter) -> (artifact id: 'e47735c485bff90ab8c51d5d201561e1') in 0.0159194 seconds
Number of updated asset objects reloaded before import = 0Number of asset objects unloaded after import = 153

========================================================================
Received Import Request.
  Time since last request: 0.334413 seconds.
  path: Assets/Sprites/Animations/Protector_Animset/Animation/Inplace/Battle/Protector_Attack_Combo02_2_ALL_Inplace.FBX
  artifactKey: Guid(0aa9c29d673e2e64cb1ee3a2704dc300) Importer(815301076,1909f56bfc062723c751e8b465ee728b)
Start importing Assets/Sprites/Animations/Protector_Animset/Animation/Inplace/Battle/Protector_Attack_Combo02_2_ALL_Inplace.FBX using Guid(0aa9c29d673e2e64cb1ee3a2704dc300) Importer(815301076,1909f56bfc062723c751e8b465ee728b) (PreviewImporter) -> (artifact id: 'fc5bec3039c80697b7cc736c4db062ca') in 0.01657 seconds
Number of updated asset objects reloaded before import = 0Number of asset objects unloaded after import = 153

========================================================================
Received Import Request.
  Time since last request: 0.000032 seconds.
  path: Assets/Sprites/Animations/Protector_Animset/Animation/Inplace/Battle/Protector_Attack_Combo02_3_ALL_Inplace.FBX
  artifactKey: Guid(fe337ff5c07a33c4bb9ae06182e07e76) Importer(815301076,1909f56bfc062723c751e8b465ee728b)
Start importing Assets/Sprites/Animations/Protector_Animset/Animation/Inplace/Battle/Protector_Attack_Combo02_3_ALL_Inplace.FBX using Guid(fe337ff5c07a33c4bb9ae06182e07e76) Importer(815301076,1909f56bfc062723c751e8b465ee728b) (PreviewImporter) -> (artifact id: '586c909234200776009e2fc3ce845f0e') in 0.0298827 seconds
Number of updated asset objects reloaded before import = 0Number of asset objects unloaded after import = 153

========================================================================
Received Import Request.
  Time since last request: 0.004498 seconds.
  path: Assets/Sprites/Animations/Protector_Animset/Animation/Inplace/Battle/Protector_Attack_Combo03_2_ALL_Inplace.FBX
  artifactKey: Guid(f77dd954ebce85645a5e7f111d76d9d4) Importer(815301076,1909f56bfc062723c751e8b465ee728b)
Start importing Assets/Sprites/Animations/Protector_Animset/Animation/Inplace/Battle/Protector_Attack_Combo03_2_ALL_Inplace.FBX using Guid(f77dd954ebce85645a5e7f111d76d9d4) Importer(815301076,1909f56bfc062723c751e8b465ee728b) (PreviewImporter) -> (artifact id: 'dfd35fccaf01e31cf6a3d850eeac6faf') in 0.0106862 seconds
Number of updated asset objects reloaded before import = 0Number of asset objects unloaded after import = 153

========================================================================
Received Import Request.
  Time since last request: 0.249986 seconds.
  path: Assets/Sprites/Animations/Protector_Animset/Animation/Inplace/Battle/Protector_Attack_Combo04_2_ALL_Inplace.FBX
  artifactKey: Guid(fbb9bfafa439fab46bd09c6287284297) Importer(815301076,1909f56bfc062723c751e8b465ee728b)
Start importing Assets/Sprites/Animations/Protector_Animset/Animation/Inplace/Battle/Protector_Attack_Combo04_2_ALL_Inplace.FBX using Guid(fbb9bfafa439fab46bd09c6287284297) Importer(815301076,1909f56bfc062723c751e8b465ee728b) (PreviewImporter) -> (artifact id: '44c6d7f83264aa10785306bb02c69698') in 0.0237214 seconds
Number of updated asset objects reloaded before import = 0Number of asset objects unloaded after import = 153

========================================================================
Received Import Request.
  Time since last request: 0.000026 seconds.
  path: Assets/Sprites/Animations/Protector_Animset/Animation/Inplace/Battle/Protector_FocusEnergy_Attack01_Inplace.FBX
  artifactKey: Guid(4d30e7ee8708ac94aab9b09aad57aa7a) Importer(815301076,1909f56bfc062723c751e8b465ee728b)
Start importing Assets/Sprites/Animations/Protector_Animset/Animation/Inplace/Battle/Protector_FocusEnergy_Attack01_Inplace.FBX using Guid(4d30e7ee8708ac94aab9b09aad57aa7a) Importer(815301076,1909f56bfc062723c751e8b465ee728b) (PreviewImporter) -> (artifact id: 'e425b14ea672226bfe1ebbc1523ede45') in 0.0120065 seconds
Number of updated asset objects reloaded before import = 0Number of asset objects unloaded after import = 153

========================================================================
Received Import Request.
  Time since last request: 0.000025 seconds.
  path: Assets/Sprites/Animations/Protector_Animset/Animation/Inplace/Battle/Protector_Attack_Combo04_2_Inplace.FBX
  artifactKey: Guid(19d915a1c70bb0a4ebd514523d4ef4bb) Importer(815301076,1909f56bfc062723c751e8b465ee728b)
Start importing Assets/Sprites/Animations/Protector_Animset/Animation/Inplace/Battle/Protector_Attack_Combo04_2_Inplace.FBX using Guid(19d915a1c70bb0a4ebd514523d4ef4bb) Importer(815301076,1909f56bfc062723c751e8b465ee728b) (PreviewImporter) -> (artifact id: '7b0dd57ae527e560ddcd05d572e6eca5') in 0.0155289 seconds
Number of updated asset objects reloaded before import = 0Number of asset objects unloaded after import = 153

========================================================================
Received Import Request.
  Time since last request: 0.000028 seconds.
  path: Assets/Sprites/Animations/Protector_Animset/Animation/Inplace/Battle/Protector_FocusEnergy_End_Inplace.FBX
  artifactKey: Guid(3f4a9ef4f4909dc4da0cd61e3214617b) Importer(815301076,1909f56bfc062723c751e8b465ee728b)
Start importing Assets/Sprites/Animations/Protector_Animset/Animation/Inplace/Battle/Protector_FocusEnergy_End_Inplace.FBX using Guid(3f4a9ef4f4909dc4da0cd61e3214617b) Importer(815301076,1909f56bfc062723c751e8b465ee728b) (PreviewImporter) -> (artifact id: '3d89d131bd16efd71ec192e3f28db573') in 0.009374 seconds
Number of updated asset objects reloaded before import = 0Number of asset objects unloaded after import = 153

========================================================================
Received Import Request.
  Time since last request: 0.000037 seconds.
  path: Assets/Sprites/Animations/Protector_Animset/Animation/Inplace/Battle/Protector_FocusEnergy_Attack03_Inplace.FBX
  artifactKey: Guid(2aefcb9a371d844488fae14dae3b0df7) Importer(815301076,1909f56bfc062723c751e8b465ee728b)
Start importing Assets/Sprites/Animations/Protector_Animset/Animation/Inplace/Battle/Protector_FocusEnergy_Attack03_Inplace.FBX using Guid(2aefcb9a371d844488fae14dae3b0df7) Importer(815301076,1909f56bfc062723c751e8b465ee728b) (PreviewImporter) -> (artifact id: '8295d86842c9ab99e5d8287018a552c5') in 0.0118435 seconds
Number of updated asset objects reloaded before import = 0Number of asset objects unloaded after import = 153

